[INFO] Scanning for projects...
[INFO] 
[INFO] -------------------------< com.example:nexus >--------------------------
[INFO] Building Nexus 0.0.1-SNAPSHOT
[INFO]   from pom.xml
[INFO] --------------------------------[ jar ]---------------------------------
[WARNING] Parameter 'encoding' is unknown for plugin 'spring-boot-maven-plugin:3.4.2:repackage (repackage)'
[INFO] 
[INFO] --- resources:3.3.1:resources (default-resources) @ nexus ---
[INFO] Copying 2 resources from src\main\resources to target\classes
[INFO] Copying 1 resource from src\main\resources to target\classes
[INFO] 
[INFO] --- compiler:3.13.0:compile (default-compile) @ nexus ---
[INFO] Nothing to compile - all classes are up to date.
[INFO] 
[INFO] --- resources:3.3.1:testResources (default-testResources) @ nexus ---
[INFO] skip non existing resourceDirectory C:\Users\NIBIN G VARGHESE\.gemini\antigravity\scratch\nexus\src\test\resources
[INFO] 
[INFO] --- compiler:3.13.0:testCompile (default-testCompile) @ nexus ---
[INFO] No sources to compile
[INFO] 
[INFO] --- surefire:3.5.2:test (default-test) @ nexus ---
[INFO] Tests are skipped.
[INFO] 
[INFO] --- jar:3.4.2:jar (default-jar) @ nexus ---
[INFO] Building jar: C:\Users\NIBIN G VARGHESE\.gemini\antigravity\scratch\nexus\target\nexus-0.0.1-SNAPSHOT.jar
[INFO] 
[INFO] --- spring-boot:3.4.2:repackage (repackage) @ nexus ---
[INFO] ------------------------------------------------------------------------
[INFO] BUILD FAILURE
[INFO] ------------------------------------------------------------------------
[INFO] Total time:  2.037 s
[INFO] Finished at: 2026-02-15T19:17:50+05:30
[INFO] ------------------------------------------------------------------------
[ERROR] Failed to execute goal org.springframework.boot:spring-boot-maven-plugin:3.4.2:repackage (repackage) on project nexus: Execution repackage of goal org.springframework.boot:spring-boot-maven-plugin:3.4.2:repackage failed: Unable to rename 'C:\Users\NIBIN G VARGHESE\.gemini\antigravity\scratch\nexus\target\nexus-0.0.1-SNAPSHOT.jar' to 'C:\Users\NIBIN G VARGHESE\.gemini\antigravity\scratch\nexus\target\nexus-0.0.1-SNAPSHOT.jar.original' -> [Help 1]
[ERROR] 
[ERROR] To see the full stack trace of the errors, re-run Maven with the -e switch.
[ERROR] Re-run Maven using the -X switch to enable full debug logging.
[ERROR] 
[ERROR] For more information about the errors and possible solutions, please read the following articles:
[ERROR] [Help 1] http://cwiki.apache.org/confluence/display/MAVEN/PluginExecutionException
