[INFO] Scanning for projects...
[INFO] 
[INFO] -------------------------< com.example:nexus >--------------------------
[INFO] Building Nexus 0.0.1-SNAPSHOT
[INFO]   from pom.xml
[INFO] --------------------------------[ jar ]---------------------------------
[INFO] 
[INFO] --- resources:3.3.1:resources (default-resources) @ nexus ---
[INFO] Copying 2 resources from src\main\resources to target\classes
[INFO] Copying 1 resource from src\main\resources to target\classes
[INFO] 
[INFO] --- compiler:3.13.0:compile (default-compile) @ nexus ---
[INFO] Recompiling the module because of changed source code.
[INFO] Compiling 3 source files with javac [debug parameters release 21] to target\classes
[INFO] -------------------------------------------------------------
[ERROR] COMPILATION ERROR : 
[INFO] -------------------------------------------------------------
[ERROR] /C:/Users/NIBIN G VARGHESE/.gemini/antigravity/scratch/nexus/src/main/java/com/example/nexus/service/NexusChatService.java:[103,25] cannot find symbol
  symbol:   method getContent()
  location: class org.springframework.ai.chat.messages.AssistantMessage
[INFO] 1 error
[INFO] -------------------------------------------------------------
[INFO] ------------------------------------------------------------------------
[INFO] BUILD FAILURE
[INFO] ------------------------------------------------------------------------
[INFO] Total time:  2.282 s
[INFO] Finished at: 2026-02-14T16:47:12+05:30
[INFO] ------------------------------------------------------------------------
[ERROR] Failed to execute goal org.apache.maven.plugins:maven-compiler-plugin:3.13.0:compile (default-compile) on project nexus: Compilation failure
[ERROR] /C:/Users/NIBIN G VARGHESE/.gemini/antigravity/scratch/nexus/src/main/java/com/example/nexus/service/NexusChatService.java:[103,25] cannot find symbol
[ERROR]   symbol:   method getContent()
[ERROR]   location: class org.springframework.ai.chat.messages.AssistantMessage
[ERROR] 
[ERROR] -> [Help 1]
[ERROR] 
[ERROR] To see the full stack trace of the errors, re-run Maven with the -e switch.
[ERROR] Re-run Maven using the -X switch to enable full debug logging.
[ERROR] 
[ERROR] For more information about the errors and possible solutions, please read the following articles:
[ERROR] [Help 1] http://cwiki.apache.org/confluence/display/MAVEN/MojoFailureException
