[INFO] Scanning for projects...
[INFO] 
[INFO] -------------------------< com.example:nexus >--------------------------
[INFO] Building Nexus 0.0.1-SNAPSHOT
[INFO]   from pom.xml
[INFO] --------------------------------[ jar ]---------------------------------
[WARNING] Parameter 'encoding' is unknown for plugin 'spring-boot-maven-plugin:3.4.2:run (default-cli)'
[INFO] 
[INFO] >>> spring-boot:3.4.2:run (default-cli) > test-compile @ nexus >>>
[INFO] 
[INFO] --- resources:3.3.1:resources (default-resources) @ nexus ---
[INFO] Copying 2 resources from src\main\resources to target\classes
[INFO] Copying 1 resource from src\main\resources to target\classes
[INFO] 
[INFO] --- compiler:3.13.0:compile (default-compile) @ nexus ---
[INFO] Nothing to compile - all classes are up to date.
[INFO] 
[INFO] --- resources:3.3.1:testResources (default-testResources) @ nexus ---
[INFO] skip non existing resourceDirectory C:\Users\NIBIN G VARGHESE\.gemini\antigravity\scratch\nexus\src\test\resources
[INFO] 
[INFO] --- compiler:3.13.0:testCompile (default-testCompile) @ nexus ---
[INFO] No sources to compile
[INFO] 
[INFO] <<< spring-boot:3.4.2:run (default-cli) < test-compile @ nexus <<<
[INFO] 
[INFO] 
[INFO] --- spring-boot:3.4.2:run (default-cli) @ nexus ---
[INFO] Attaching agents: []

  .   ____          _            __ _ _
 /\\ / ___'_ __ _ _(_)_ __  __ _ \ \ \ \
( ( )\___ | '_ | '_| | '_ \/ _` | \ \ \ \
 \\/  ___)| |_)| | | | | || (_| |  ) ) ) )
  '  |____| .__|_| |_|_| |_\__, | / / / /
 =========|_|==============|___/=/_/_/_/

 :: Spring Boot ::                (v3.4.2)

2026-02-15T18:59:53.380+05:30  INFO 27708 --- [           main] com.example.nexus.NexusApplication       : Starting NexusApplication using Java 23.0.1 with PID 27708 (C:\Users\NIBIN G VARGHESE\.gemini\antigravity\scratch\nexus\target\classes started by NIBIN G VARGHESE in C:\Users\NIBIN G VARGHESE\.gemini\antigravity\scratch\nexus)
2026-02-15T18:59:53.382+05:30  INFO 27708 --- [           main] com.example.nexus.NexusApplication       : No active profile set, falling back to 1 default profile: "default"
2026-02-15T18:59:54.061+05:30  INFO 27708 --- [           main] .s.d.r.c.RepositoryConfigurationDelegate : Multiple Spring Data modules found, entering strict repository configuration mode
2026-02-15T18:59:54.062+05:30  INFO 27708 --- [           main] .s.d.r.c.RepositoryConfigurationDelegate : Bootstrapping Spring Data Redis repositories in DEFAULT mode.
2026-02-15T18:59:54.088+05:30  INFO 27708 --- [           main] .s.d.r.c.RepositoryConfigurationDelegate : Finished Spring Data repository scanning in 10 ms. Found 0 Redis repository interfaces.
2026-02-15T18:59:54.429+05:30  INFO 27708 --- [           main] o.s.b.w.embedded.tomcat.TomcatWebServer  : Tomcat initialized with port 8080 (http)
2026-02-15T18:59:54.445+05:30  INFO 27708 --- [           main] o.apache.catalina.core.StandardService   : Starting service [Tomcat]
2026-02-15T18:59:54.446+05:30  INFO 27708 --- [           main] o.apache.catalina.core.StandardEngine    : Starting Servlet engine: [Apache Tomcat/10.1.34]
2026-02-15T18:59:54.513+05:30  INFO 27708 --- [           main] o.a.c.c.C.[Tomcat].[localhost].[/]       : Initializing Spring embedded WebApplicationContext
2026-02-15T18:59:54.515+05:30  INFO 27708 --- [           main] w.s.c.ServletWebServerApplicationContext : Root WebApplicationContext: initialization completed in 1052 ms
2026-02-15T18:59:55.324+05:30  INFO 27708 --- [           main] o.s.b.a.w.s.WelcomePageHandlerMapping    : Adding welcome page: class path resource [static/index.html]
2026-02-15T18:59:55.783+05:30  INFO 27708 --- [           main] o.s.b.w.embedded.tomcat.TomcatWebServer  : Tomcat started on port 8080 (http) with context path '/'
2026-02-15T18:59:55.788+05:30  INFO 27708 --- [           main] com.example.nexus.NexusApplication       : Started NexusApplication in 2.797 seconds (process running for 3.127)
2026-02-15T19:00:33.658+05:30  INFO 27708 --- [nio-8080-exec-1] o.a.c.c.C.[Tomcat].[localhost].[/]       : Initializing Spring DispatcherServlet 'dispatcherServlet'
2026-02-15T19:00:33.658+05:30  INFO 27708 --- [nio-8080-exec-1] o.s.web.servlet.DispatcherServlet        : Initializing Servlet 'dispatcherServlet'
2026-02-15T19:00:33.662+05:30  INFO 27708 --- [nio-8080-exec-1] o.s.web.servlet.DispatcherServlet        : Completed initialization in 2 ms
2026-02-15T19:00:33.724+05:30  INFO 27708 --- [nio-8080-exec-1] c.e.nexus.service.NexusChatService       : Processing chat: [hello]
2026-02-15T19:00:35.615+05:30  INFO 27708 --- [nio-8080-exec-1] c.e.nexus.service.NexusChatService       : Cache Candidate found. Metadata: {distance=0.0, vector_score=0.0}
2026-02-15T19:00:35.617+05:30  INFO 27708 --- [nio-8080-exec-1] c.e.nexus.service.NexusChatService       : Attempting: gemini-2.5-flash
2026-02-15T19:00:37.788+05:30  INFO 27708 --- [nio-8080-exec-1] c.e.nexus.service.NexusChatService       : Cached response.
2026-02-15T19:03:39.133+05:30  INFO 27708 --- [nio-8080-exec-8] c.e.nexus.service.NexusChatService       : Processing chat: [Can you recommend some good noise-cancelling headphones?]
2026-02-15T19:03:39.709+05:30  INFO 27708 --- [nio-8080-exec-8] c.e.nexus.service.NexusChatService       : Cache Candidate found. Metadata: {distance=0.0, vector_score=0.0}
2026-02-15T19:03:39.709+05:30  INFO 27708 --- [nio-8080-exec-8] c.e.nexus.service.NexusChatService       : Attempting: gemini-2.5-flash
2026-02-15T19:03:48.233+05:30  INFO 27708 --- [nio-8080-exec-8] c.e.nexus.service.NexusChatService       : Cached response.
2026-02-15T19:03:55.188+05:30  INFO 27708 --- [nio-8080-exec-6] c.e.nexus.service.NexusChatService       : Processing chat: [Recommend good noise-cancelling headphones]
2026-02-15T19:03:55.651+05:30  INFO 27708 --- [nio-8080-exec-6] c.e.nexus.service.NexusChatService       : Cache Candidate found. Metadata: {distance=0.0, vector_score=0.0}
2026-02-15T19:03:55.652+05:30  INFO 27708 --- [nio-8080-exec-6] c.e.nexus.service.NexusChatService       : Attempting: gemini-2.5-flash
2026-02-15T19:04:09.218+05:30  INFO 27708 --- [nio-8080-exec-6] c.e.nexus.service.NexusChatService       : Cached response.
[INFO] ------------------------------------------------------------------------
[INFO] BUILD FAILURE
[INFO] ------------------------------------------------------------------------
[INFO] Total time:  05:57 min
[INFO] Finished at: 2026-02-15T19:05:48+05:30
[INFO] ------------------------------------------------------------------------
[ERROR] Failed to execute goal org.springframework.boot:spring-boot-maven-plugin:3.4.2:run (default-cli) on project nexus: Process terminated with exit code: -1 -> [Help 1]
[ERROR] 
[ERROR] To see the full stack trace of the errors, re-run Maven with the -e switch.
[ERROR] Re-run Maven using the -X switch to enable full debug logging.
[ERROR] 
[ERROR] For more information about the errors and possible solutions, please read the following articles:
[ERROR] [Help 1] http://cwiki.apache.org/confluence/display/MAVEN/MojoExecutionException
